<?xml version="1.0" encoding="UTF-8"?>
<testsuite xmlns:xsi="http://www.w3.org/2001/XMLSchema-instance" xsi:noNamespaceSchemaLocation="https://maven.apache.org/surefire/maven-surefire-plugin/xsd/surefire-test-report.xsd" name="org.shymega.rail.AppTest" time="0.265" tests="1" errors="0" skipped="0" failures="0">
  <properties>
    <property name="java.specification.version" value="14"/>
    <property name="sun.jnu.encoding" value="UTF-8"/>
    <property name="java.class.path" value="/home/dzr/git.shymega.org.uk/shymega/NREJLib/target/test-classes:/home/dzr/git.shymega.org.uk/shymega/NREJLib/target/classes:/home/dzr/.m2/repository/org/apache/cxf/cxf-rt-frontend-jaxws/3.3.5/cxf-rt-frontend-jaxws-3.3.5.jar:/home/dzr/.m2/repository/xml-resolver/xml-resolver/1.2/xml-resolver-1.2.jar:/home/dzr/.m2/repository/org/ow2/asm/asm/7.1/asm-7.1.jar:/home/dzr/.m2/repository/org/apache/cxf/cxf-core/3.3.5/cxf-core-3.3.5.jar:/home/dzr/.m2/repository/org/glassfish/jaxb/jaxb-runtime/2.3.2/jaxb-runtime-2.3.2.jar:/home/dzr/.m2/repository/org/glassfish/jaxb/txw2/2.3.2/txw2-2.3.2.jar:/home/dzr/.m2/repository/com/sun/istack/istack-commons-runtime/3.0.8/istack-commons-runtime-3.0.8.jar:/home/dzr/.m2/repository/com/sun/xml/fastinfoset/FastInfoset/1.2.16/FastInfoset-1.2.16.jar:/home/dzr/.m2/repository/jakarta/activation/jakarta.activation-api/1.2.1/jakarta.activation-api-1.2.1.jar:/home/dzr/.m2/repository/com/fasterxml/woodstox/woodstox-core/5.0.3/woodstox-core-5.0.3.jar:/home/dzr/.m2/repository/org/codehaus/woodstox/stax2-api/3.1.4/stax2-api-3.1.4.jar:/home/dzr/.m2/repository/org/apache/ws/xmlschema/xmlschema-core/2.2.5/xmlschema-core-2.2.5.jar:/home/dzr/.m2/repository/jakarta/xml/bind/jakarta.xml.bind-api/2.3.2/jakarta.xml.bind-api-2.3.2.jar:/home/dzr/.m2/repository/org/apache/cxf/cxf-rt-bindings-soap/3.3.5/cxf-rt-bindings-soap-3.3.5.jar:/home/dzr/.m2/repository/org/apache/cxf/cxf-rt-wsdl/3.3.5/cxf-rt-wsdl-3.3.5.jar:/home/dzr/.m2/repository/wsdl4j/wsdl4j/1.6.3/wsdl4j-1.6.3.jar:/home/dzr/.m2/repository/org/apache/cxf/cxf-rt-databinding-jaxb/3.3.5/cxf-rt-databinding-jaxb-3.3.5.jar:/home/dzr/.m2/repository/org/apache/cxf/cxf-rt-bindings-xml/3.3.5/cxf-rt-bindings-xml-3.3.5.jar:/home/dzr/.m2/repository/org/apache/cxf/cxf-rt-frontend-simple/3.3.5/cxf-rt-frontend-simple-3.3.5.jar:/home/dzr/.m2/repository/org/apache/cxf/cxf-rt-ws-addr/3.3.5/cxf-rt-ws-addr-3.3.5.jar:/home/dzr/.m2/repository/org/apache/cxf/cxf-rt-ws-policy/3.3.5/cxf-rt-ws-policy-3.3.5.jar:/home/dzr/.m2/repository/org/apache/neethi/neethi/3.1.1/neethi-3.1.1.jar:/home/dzr/.m2/repository/javax/annotation/javax.annotation-api/1.3.2/javax.annotation-api-1.3.2.jar:/home/dzr/.m2/repository/javax/xml/ws/jaxws-api/2.3.1/jaxws-api-2.3.1.jar:/home/dzr/.m2/repository/javax/xml/soap/javax.xml.soap-api/1.4.0/javax.xml.soap-api-1.4.0.jar:/home/dzr/.m2/repository/com/sun/activation/javax.activation/1.2.0/javax.activation-1.2.0.jar:/home/dzr/.m2/repository/org/apache/geronimo/specs/geronimo-ws-metadata_2.0_spec/1.1.3/geronimo-ws-metadata_2.0_spec-1.1.3.jar:/home/dzr/.m2/repository/com/sun/xml/messaging/saaj/saaj-impl/1.4.0-b03/saaj-impl-1.4.0-b03.jar:/home/dzr/.m2/repository/org/jvnet/mimepull/mimepull/1.9.7/mimepull-1.9.7.jar:/home/dzr/.m2/repository/org/jvnet/staxex/stax-ex/1.7.8/stax-ex-1.7.8.jar:/home/dzr/.m2/repository/javax/activation/activation/1.1/activation-1.1.jar:/home/dzr/.m2/repository/org/jacorb/jacorb-omgapi/3.9/jacorb-omgapi-3.9.jar:/home/dzr/.m2/repository/org/apache/geronimo/specs/geronimo-jta_1.1_spec/1.1.1/geronimo-jta_1.1_spec-1.1.1.jar:/home/dzr/.m2/repository/org/jboss/spec/javax/rmi/jboss-rmi-api_1.0_spec/1.0.6.Final/jboss-rmi-api_1.0_spec-1.0.6.Final.jar:/home/dzr/.m2/repository/org/apache/cxf/cxf-rt-features-logging/3.3.5/cxf-rt-features-logging-3.3.5.jar:/home/dzr/.m2/repository/org/slf4j/slf4j-api/1.7.29/slf4j-api-1.7.29.jar:/home/dzr/.m2/repository/org/apache/cxf/cxf-rt-transports-http/3.3.5/cxf-rt-transports-http-3.3.5.jar:/home/dzr/.m2/repository/org/slf4j/slf4j-simple/1.7.30/slf4j-simple-1.7.30.jar:/home/dzr/.m2/repository/com/google/code/gson/gson/2.8.6/gson-2.8.6.jar:/home/dzr/.m2/repository/junit/junit/4.11/junit-4.11.jar:/home/dzr/.m2/repository/org/hamcrest/hamcrest-core/1.3/hamcrest-core-1.3.jar:/home/dzr/.m2/repository/org/projectlombok/lombok/1.18.6/lombok-1.18.6.jar:"/>
    <property name="java.vm.vendor" value="AdoptOpenJDK"/>
    <property name="sun.arch.data.model" value="64"/>
    <property name="java.vendor.url" value="https://adoptopenjdk.net/"/>
    <property name="os.name" value="Linux"/>
    <property name="java.vm.specification.version" value="14"/>
    <property name="sun.java.launcher" value="SUN_STANDARD"/>
    <property name="user.country" value="GB"/>
    <property name="sun.boot.library.path" value="/usr/lib/jvm/java-14-adoptopenjdk/lib"/>
    <property name="sun.java.command" value="/home/dzr/git.shymega.org.uk/shymega/NREJLib/target/surefire/surefirebooter16965838342143019227.jar /home/dzr/git.shymega.org.uk/shymega/NREJLib/target/surefire 2020-05-24T15-42-51_186-jvmRun1 surefire8598241017646834921tmp surefire_08582678282999949011tmp"/>
    <property name="jdk.debug" value="release"/>
    <property name="surefire.test.class.path" value="/home/dzr/git.shymega.org.uk/shymega/NREJLib/target/test-classes:/home/dzr/git.shymega.org.uk/shymega/NREJLib/target/classes:/home/dzr/.m2/repository/org/apache/cxf/cxf-rt-frontend-jaxws/3.3.5/cxf-rt-frontend-jaxws-3.3.5.jar:/home/dzr/.m2/repository/xml-resolver/xml-resolver/1.2/xml-resolver-1.2.jar:/home/dzr/.m2/repository/org/ow2/asm/asm/7.1/asm-7.1.jar:/home/dzr/.m2/repository/org/apache/cxf/cxf-core/3.3.5/cxf-core-3.3.5.jar:/home/dzr/.m2/repository/org/glassfish/jaxb/jaxb-runtime/2.3.2/jaxb-runtime-2.3.2.jar:/home/dzr/.m2/repository/org/glassfish/jaxb/txw2/2.3.2/txw2-2.3.2.jar:/home/dzr/.m2/repository/com/sun/istack/istack-commons-runtime/3.0.8/istack-commons-runtime-3.0.8.jar:/home/dzr/.m2/repository/com/sun/xml/fastinfoset/FastInfoset/1.2.16/FastInfoset-1.2.16.jar:/home/dzr/.m2/repository/jakarta/activation/jakarta.activation-api/1.2.1/jakarta.activation-api-1.2.1.jar:/home/dzr/.m2/repository/com/fasterxml/woodstox/woodstox-core/5.0.3/woodstox-core-5.0.3.jar:/home/dzr/.m2/repository/org/codehaus/woodstox/stax2-api/3.1.4/stax2-api-3.1.4.jar:/home/dzr/.m2/repository/org/apache/ws/xmlschema/xmlschema-core/2.2.5/xmlschema-core-2.2.5.jar:/home/dzr/.m2/repository/jakarta/xml/bind/jakarta.xml.bind-api/2.3.2/jakarta.xml.bind-api-2.3.2.jar:/home/dzr/.m2/repository/org/apache/cxf/cxf-rt-bindings-soap/3.3.5/cxf-rt-bindings-soap-3.3.5.jar:/home/dzr/.m2/repository/org/apache/cxf/cxf-rt-wsdl/3.3.5/cxf-rt-wsdl-3.3.5.jar:/home/dzr/.m2/repository/wsdl4j/wsdl4j/1.6.3/wsdl4j-1.6.3.jar:/home/dzr/.m2/repository/org/apache/cxf/cxf-rt-databinding-jaxb/3.3.5/cxf-rt-databinding-jaxb-3.3.5.jar:/home/dzr/.m2/repository/org/apache/cxf/cxf-rt-bindings-xml/3.3.5/cxf-rt-bindings-xml-3.3.5.jar:/home/dzr/.m2/repository/org/apache/cxf/cxf-rt-frontend-simple/3.3.5/cxf-rt-frontend-simple-3.3.5.jar:/home/dzr/.m2/repository/org/apache/cxf/cxf-rt-ws-addr/3.3.5/cxf-rt-ws-addr-3.3.5.jar:/home/dzr/.m2/repository/org/apache/cxf/cxf-rt-ws-policy/3.3.5/cxf-rt-ws-policy-3.3.5.jar:/home/dzr/.m2/repository/org/apache/neethi/neethi/3.1.1/neethi-3.1.1.jar:/home/dzr/.m2/repository/javax/annotation/javax.annotation-api/1.3.2/javax.annotation-api-1.3.2.jar:/home/dzr/.m2/repository/javax/xml/ws/jaxws-api/2.3.1/jaxws-api-2.3.1.jar:/home/dzr/.m2/repository/javax/xml/soap/javax.xml.soap-api/1.4.0/javax.xml.soap-api-1.4.0.jar:/home/dzr/.m2/repository/com/sun/activation/javax.activation/1.2.0/javax.activation-1.2.0.jar:/home/dzr/.m2/repository/org/apache/geronimo/specs/geronimo-ws-metadata_2.0_spec/1.1.3/geronimo-ws-metadata_2.0_spec-1.1.3.jar:/home/dzr/.m2/repository/com/sun/xml/messaging/saaj/saaj-impl/1.4.0-b03/saaj-impl-1.4.0-b03.jar:/home/dzr/.m2/repository/org/jvnet/mimepull/mimepull/1.9.7/mimepull-1.9.7.jar:/home/dzr/.m2/repository/org/jvnet/staxex/stax-ex/1.7.8/stax-ex-1.7.8.jar:/home/dzr/.m2/repository/javax/activation/activation/1.1/activation-1.1.jar:/home/dzr/.m2/repository/org/jacorb/jacorb-omgapi/3.9/jacorb-omgapi-3.9.jar:/home/dzr/.m2/repository/org/apache/geronimo/specs/geronimo-jta_1.1_spec/1.1.1/geronimo-jta_1.1_spec-1.1.1.jar:/home/dzr/.m2/repository/org/jboss/spec/javax/rmi/jboss-rmi-api_1.0_spec/1.0.6.Final/jboss-rmi-api_1.0_spec-1.0.6.Final.jar:/home/dzr/.m2/repository/org/apache/cxf/cxf-rt-features-logging/3.3.5/cxf-rt-features-logging-3.3.5.jar:/home/dzr/.m2/repository/org/slf4j/slf4j-api/1.7.29/slf4j-api-1.7.29.jar:/home/dzr/.m2/repository/org/apache/cxf/cxf-rt-transports-http/3.3.5/cxf-rt-transports-http-3.3.5.jar:/home/dzr/.m2/repository/org/slf4j/slf4j-simple/1.7.30/slf4j-simple-1.7.30.jar:/home/dzr/.m2/repository/com/google/code/gson/gson/2.8.6/gson-2.8.6.jar:/home/dzr/.m2/repository/junit/junit/4.11/junit-4.11.jar:/home/dzr/.m2/repository/org/hamcrest/hamcrest-core/1.3/hamcrest-core-1.3.jar:/home/dzr/.m2/repository/org/projectlombok/lombok/1.18.6/lombok-1.18.6.jar:"/>
    <property name="sun.cpu.endian" value="little"/>
    <property name="user.home" value="/home/dzr"/>
    <property name="user.language" value="en"/>
    <property name="java.specification.vendor" value="Oracle Corporation"/>
    <property name="java.version.date" value="2020-04-14"/>
    <property name="java.home" value="/usr/lib/jvm/java-14-adoptopenjdk"/>
    <property name="file.separator" value="/"/>
    <property name="basedir" value="/home/dzr/git.shymega.org.uk/shymega/NREJLib"/>
    <property name="java.vm.compressedOopsMode" value="32-bit"/>
    <property name="line.separator" value="&#10;"/>
    <property name="java.vm.specification.vendor" value="Oracle Corporation"/>
    <property name="java.specification.name" value="Java Platform API Specification"/>
    <property name="surefire.real.class.path" value="/home/dzr/git.shymega.org.uk/shymega/NREJLib/target/surefire/surefirebooter16965838342143019227.jar"/>
    <property name="sun.management.compiler" value="HotSpot 64-Bit Tiered Compilers"/>
    <property name="java.runtime.version" value="14.0.1+7"/>
    <property name="user.name" value="dzr"/>
    <property name="path.separator" value=":"/>
    <property name="os.version" value="5.6.14-arch1-1"/>
    <property name="java.runtime.name" value="OpenJDK Runtime Environment"/>
    <property name="file.encoding" value="UTF-8"/>
    <property name="java.vm.name" value="OpenJDK 64-Bit Server VM"/>
    <property name="java.vendor.version" value="AdoptOpenJDK"/>
    <property name="localRepository" value="/home/dzr/.m2/repository"/>
    <property name="java.vendor.url.bug" value="https://github.com/AdoptOpenJDK/openjdk-support/issues"/>
    <property name="java.io.tmpdir" value="/tmp"/>
    <property name="java.version" value="14.0.1"/>
    <property name="user.dir" value="/home/dzr/git.shymega.org.uk/shymega/NREJLib"/>
    <property name="os.arch" value="amd64"/>
    <property name="java.vm.specification.name" value="Java Virtual Machine Specification"/>
    <property name="java.library.path" value="/usr/java/packages/lib:/usr/lib64:/lib64:/lib:/usr/lib"/>
    <property name="java.vm.info" value="mixed mode, sharing"/>
    <property name="java.vendor" value="AdoptOpenJDK"/>
    <property name="java.vm.version" value="14.0.1+7"/>
    <property name="sun.io.unicode.encoding" value="UnicodeLittle"/>
    <property name="java.class.version" value="58.0"/>
  </properties>
  <testcase name="shouldAnswerWithTrue" classname="org.shymega.rail.AppTest" time="0"/>
</testsuite>